2024-06-23 22:41:16,055 - ERROR - Error loading your JSON files: 'E:\Spinn TV Tut\24 Modern Desktop GUI\dist\main\json-styles\style.json' does not exist
2024-06-23 22:44:51,044 - INFO - Live monitoring Qss/scss/defaultStyle.scss file for changes
2024-06-23 22:44:51,045 - INFO - Live monitoring json-styles/style.json for changes
2024-06-23 22:44:54,878 - INFO - all icons have been checked and missing icons generated!
2024-06-23 22:45:11,607 - INFO - ('Current icons color ', 'black', 'New icons color', '#fefefe')
2024-06-23 22:45:11,608 - INFO - Generating icons for your theme, please wait. This may take long
2024-11-03 03:52:36,557 - INFO - Live monitoring Qss/scss/defaultStyle.scss file for changes
2024-11-03 03:52:36,558 - INFO - Live monitoring json-styles/style.json for changes
2024-11-03 03:52:37,160 - INFO - ('Current icons color ', '#FFFFFF', 'New icons color', 'black')
2024-11-03 03:52:37,160 - INFO - Generating icons for your theme, please wait. This may take long
2024-11-03 03:52:47,857 - INFO - ('Current icons color ', 'black', 'New icons color', '#FFFFFF')
2024-11-03 03:52:47,857 - INFO - Generating icons for your theme, please wait. This may take long
2024-11-03 03:53:20,494 - INFO - Live monitoring Qss/scss/defaultStyle.scss file for changes
2024-11-03 03:53:20,495 - INFO - Live monitoring json-styles/style.json for changes
2024-11-03 03:53:21,005 - INFO - all icons have been checked and missing icons generated!
2024-11-03 21:40:23,820 - INFO - Live monitoring Qss/scss/defaultStyle.scss file for changes
2024-11-03 21:40:23,858 - INFO - Live monitoring json-styles/style.json for changes
2024-11-03 21:40:25,336 - INFO - all icons have been checked and missing icons generated!
2024-11-03 21:40:47,852 - INFO - ('Current icons color ', '#FFFFFF', 'New icons color', 'black')
2024-11-03 21:40:47,852 - INFO - Generating icons for your theme, please wait. This may take long
2024-11-03 21:42:19,333 - INFO - ('Current icons color ', 'black', 'New icons color', '#fefefe')
2024-11-03 21:42:19,333 - INFO - Generating icons for your theme, please wait. This may take long
2024-11-03 22:39:33,152 - INFO - Live monitoring Qss/scss/defaultStyle.scss file for changes
2024-11-03 22:39:33,155 - INFO - Live monitoring json-styles/style.json for changes
2024-11-03 22:39:34,121 - INFO - all icons have been checked and missing icons generated!
